d:\zju\21-22-1大三秋冬学期\计算机图形学-张宏鑫\cgproject\cg project\x64\debug\vc142.pdb
d:\zju\21-22-1大三秋冬学期\计算机图形学-张宏鑫\cgproject\cg project\x64\debug\vc142.idb
d:\zju\21-22-1大三秋冬学期\计算机图形学-张宏鑫\cgproject\cg project\x64\debug\shape.obj
d:\zju\21-22-1大三秋冬学期\计算机图形学-张宏鑫\cgproject\cg project\x64\debug\robot.obj
d:\zju\21-22-1大三秋冬学期\计算机图形学-张宏鑫\cgproject\cg project\x64\debug\main.obj
d:\zju\21-22-1大三秋冬学期\计算机图形学-张宏鑫\cgproject\cg project\x64\debug\drawenvironment.obj
d:\zju\21-22-1大三秋冬学期\计算机图形学-张宏鑫\cgproject\cg project\x64\debug\conveyor.obj
e:\folder\secrets\computer graphics\cgproject\cg project\x64\debug\vc142.pdb
e:\folder\secrets\computer graphics\cgproject\cg project\x64\debug\vc142.idb
e:\folder\secrets\computer graphics\cgproject\cg project\x64\debug\shape.obj
e:\folder\secrets\computer graphics\cgproject\cg project\x64\debug\robot.obj
e:\folder\secrets\computer graphics\cgproject\cg project\x64\debug\main.obj
e:\folder\secrets\computer graphics\cgproject\cg project\x64\debug\drawenvironment.obj
e:\folder\secrets\computer graphics\cgproject\cg project\x64\debug\conveyor.obj
d:\zju\21-22-1大三秋冬学期\计算机图形学-张宏鑫\cgproject\cg project\x64\debug\cg project_1.2.5.exe
d:\zju\21-22-1大三秋冬学期\计算机图形学-张宏鑫\cgproject\cg project\x64\debug\cg project_1.2.5.ilk
d:\zju\21-22-1大三秋冬学期\计算机图形学-张宏鑫\cgproject\cg project\x64\debug\cg project_1.2.5.pdb
e:\folder\secrets\computer graphics\cgproject\cg project\x64\debug\cg project_1.2.5.exe
e:\folder\secrets\computer graphics\cgproject\cg project\x64\debug\cg project_1.2.5.ilk
e:\folder\secrets\computer graphics\cgproject\cg project\x64\debug\cg project_1.2.5.pdb
e:\folder\secrets\computer graphics\cgproject\cg project\x64\debug\cg project.ilk
e:\folder\secrets\computer graphics\cgproject\cg project\x64\debug\cg project_1.2.5.tlog\cl.command.1.tlog
e:\folder\secrets\computer graphics\cgproject\cg project\x64\debug\cg project_1.2.5.tlog\cl.read.1.tlog
e:\folder\secrets\computer graphics\cgproject\cg project\x64\debug\cg project_1.2.5.tlog\cl.write.1.tlog
e:\folder\secrets\computer graphics\cgproject\cg project\x64\debug\cg project_1.2.5.tlog\link.command.1.tlog
e:\folder\secrets\computer graphics\cgproject\cg project\x64\debug\cg project_1.2.5.tlog\link.delete.1.tlog
e:\folder\secrets\computer graphics\cgproject\cg project\x64\debug\cg project_1.2.5.tlog\link.read.1.tlog
e:\folder\secrets\computer graphics\cgproject\cg project\x64\debug\cg project_1.2.5.tlog\link.write.1.tlog
