E:\Program\Microsoft Visual Studio\2022\Community\MSBuild\Microsoft\VC\v170\Microsoft.CppBuild.targets(510,5): warning MSB8028: 中间目录(x64\Debug\)包含从另一个项目(CG Project.vcxproj)共享的文件。   这会导致错误的清除和重新生成行为。
  main.cpp
D:\Codes\C++\Graph\project\CGProject\CGProject\CG Project\Robot.h(21,22): warning C4305: “初始化”: 从“double”到“float”截断
D:\Codes\C++\Graph\project\CGProject\CGProject\CG Project\Robot.h(99,18): warning C4305: “初始化”: 从“double”到“float”截断
D:\Codes\C++\Graph\project\CGProject\CGProject\CG Project\main.cpp(19,28): warning C4305: “初始化”: 从“double”到“float”截断
D:\Codes\C++\Graph\project\CGProject\CGProject\CG Project\main.cpp(26,29): warning C4305: “初始化”: 从“double”到“float”截断
D:\Codes\C++\Graph\project\CGProject\CGProject\CG Project\main.cpp(27,18): warning C4305: “初始化”: 从“double”到“float”截断
D:\Codes\C++\Graph\project\CGProject\CGProject\CG Project\main.cpp(35,157): warning C4305: “初始化”: 从“double”到“GLfloat”截断
D:\Codes\C++\Graph\project\CGProject\CGProject\CG Project\main.cpp(94,32): warning C4305: “=”: 从“double”到“float”截断
D:\Codes\C++\Graph\project\CGProject\CGProject\CG Project\main.cpp(95,32): warning C4305: “=”: 从“double”到“float”截断
D:\Codes\C++\Graph\project\CGProject\CGProject\CG Project\main.cpp(97,33): warning C4305: “=”: 从“double”到“float”截断
D:\Codes\C++\Graph\project\CGProject\CGProject\CG Project\main.cpp(100,33): warning C4305: “=”: 从“double”到“float”截断
D:\Codes\C++\Graph\project\CGProject\CGProject\CG Project\main.cpp(102,32): warning C4305: “=”: 从“double”到“float”截断
D:\Codes\C++\Graph\project\CGProject\CGProject\CG Project\main.cpp(103,32): warning C4305: “=”: 从“double”到“float”截断
D:\Codes\C++\Graph\project\CGProject\CGProject\CG Project\main.cpp(104,32): warning C4305: “=”: 从“double”到“float”截断
D:\Codes\C++\Graph\project\CGProject\CGProject\CG Project\main.cpp(114,6): warning C4551: 缺少参数列表的函数调用
D:\Codes\C++\Graph\project\CGProject\CGProject\CG Project\main.cpp(165,45): warning C4305: “参数”: 从“double”到“float”截断
D:\Codes\C++\Graph\project\CGProject\CGProject\CG Project\main.cpp(166,45): warning C4305: “参数”: 从“double”到“float”截断
D:\Codes\C++\Graph\project\CGProject\CGProject\CG Project\main.cpp(167,49): warning C4305: “参数”: 从“double”到“float”截断
D:\Codes\C++\Graph\project\CGProject\CGProject\CG Project\main.cpp(168,49): warning C4305: “参数”: 从“double”到“float”截断
D:\Codes\C++\Graph\project\CGProject\CGProject\CG Project\main.cpp(181,40): warning C4305: “参数”: 从“double”到“float”截断
D:\Codes\C++\Graph\project\CGProject\CGProject\CG Project\main.cpp(183,57): warning C4305: “参数”: 从“double”到“float”截断
D:\Codes\C++\Graph\project\CGProject\CGProject\CG Project\main.cpp(185,42): warning C4305: “参数”: 从“double”到“float”截断
D:\Codes\C++\Graph\project\CGProject\CGProject\CG Project\main.cpp(187,57): warning C4305: “参数”: 从“double”到“float”截断
D:\Codes\C++\Graph\project\CGProject\CGProject\CG Project\main.cpp(189,43): warning C4305: “参数”: 从“double”到“float”截断
D:\Codes\C++\Graph\project\CGProject\CGProject\CG Project\main.cpp(191,57): warning C4305: “参数”: 从“double”到“float”截断
D:\Codes\C++\Graph\project\CGProject\CGProject\CG Project\main.cpp(193,46): warning C4305: “参数”: 从“double”到“float”截断
D:\Codes\C++\Graph\project\CGProject\CGProject\CG Project\main.cpp(194,56): warning C4305: “参数”: 从“double”到“float”截断
D:\Codes\C++\Graph\project\CGProject\CGProject\CG Project\main.cpp(195,58): warning C4305: “参数”: 从“double”到“float”截断
D:\Codes\C++\Graph\project\CGProject\CGProject\CG Project\main.cpp(196,40): warning C4305: “参数”: 从“double”到“float”截断
D:\Codes\C++\Graph\project\CGProject\CGProject\CG Project\main.cpp(197,43): warning C4305: “参数”: 从“double”到“float”截断
D:\Codes\C++\Graph\project\CGProject\CGProject\CG Project\main.cpp(333,18): warning C4244: “+=”: 从“double”转换到“float”，可能丢失数据
D:\Codes\C++\Graph\project\CGProject\CGProject\CG Project\main.cpp(334,18): warning C4244: “+=”: 从“double”转换到“float”，可能丢失数据
D:\Codes\C++\Graph\project\CGProject\CGProject\CG Project\main.cpp(340,18): warning C4244: “-=”: 从“double”转换到“float”，可能丢失数据
D:\Codes\C++\Graph\project\CGProject\CGProject\CG Project\main.cpp(341,18): warning C4244: “-=”: 从“double”转换到“float”，可能丢失数据
D:\Codes\C++\Graph\project\CGProject\CGProject\CG Project\main.cpp(363,16): warning C4305: “+=”: 从“double”到“float”截断
D:\Codes\C++\Graph\project\CGProject\CGProject\CG Project\main.cpp(369,16): warning C4305: “-=”: 从“double”到“float”截断
D:\Codes\C++\Graph\project\CGProject\CGProject\CG Project\main.cpp(476,44): warning C4305: “初始化”: 从“double”到“GLfloat”截断
D:\Codes\C++\Graph\project\CGProject\CGProject\CG Project\main.cpp(486,43): warning C4305: “初始化”: 从“double”到“GLfloat”截断
D:\Codes\C++\Graph\project\CGProject\CGProject\CG Project\main.cpp(496,43): warning C4305: “初始化”: 从“double”到“GLfloat”截断
D:\Codes\C++\Graph\project\CGProject\CGProject\CG Project\main.cpp(506,43): warning C4305: “初始化”: 从“double”到“GLfloat”截断
D:\Codes\C++\Graph\project\CGProject\CGProject\CG Project\main.cpp(516,43): warning C4305: “初始化”: 从“double”到“GLfloat”截断
D:\Codes\C++\Graph\project\CGProject\CGProject\CG Project\main.cpp(525,43): warning C4305: “初始化”: 从“double”到“GLfloat”截断
D:\Codes\C++\Graph\project\CGProject\CGProject\CG Project\main.cpp(534,43): warning C4305: “初始化”: 从“double”到“GLfloat”截断
D:\Codes\C++\Graph\project\CGProject\CGProject\CG Project\main.cpp(543,43): warning C4305: “初始化”: 从“double”到“GLfloat”截断
D:\Codes\C++\Graph\project\CGProject\CGProject\CG Project\main.cpp(594,16): warning C4018: “<”: 有符号/无符号不匹配
D:\Codes\C++\Graph\project\CGProject\CGProject\CG Project\main.cpp(685,19): warning C4244: “+=”: 从“double”转换到“int”，可能丢失数据
D:\Codes\C++\Graph\project\CGProject\CGProject\CG Project\main.cpp(686,25): warning C4244: “+=”: 从“double”转换到“float”，可能丢失数据
D:\Codes\C++\Graph\project\CGProject\CGProject\CG Project\main.cpp(694,16): warning C4244: “初始化”: 从“int”转换到“float”，可能丢失数据
D:\Codes\C++\Graph\project\CGProject\CGProject\CG Project\main.cpp(695,16): warning C4244: “初始化”: 从“int”转换到“float”，可能丢失数据
D:\Codes\C++\Graph\project\CGProject\CGProject\CG Project\main.cpp(697,30): warning C4244: “=”: 从“double”转换到“float”，可能丢失数据
D:\Codes\C++\Graph\project\CGProject\CGProject\CG Project\main.cpp(699,30): warning C4244: “=”: 从“double”转换到“float”，可能丢失数据
D:\Codes\C++\Graph\project\CGProject\CGProject\CG Project\main.cpp(696,8): warning C4101: “p”: 未引用的局部变量
  CG Project.vcxproj -> D:\Codes\C++\Graph\project\CGProject\CGProject\CG Project\x64\Debug\CG Project_1.2.5.exe
